<?xml version="1.0" encoding="UTF-8"?>
<!-- Generated by org.testng.reporters.JUnitReportReporter -->
<testsuite skipped="0" hostname="COB1120481" name="com.sandy.MyTest" tests="1" failures="0" timestamp="2020-10-03T09:45:26 IST" time="13.716" errors="0">
  <testcase name="testingTitle" time="13.716" classname="com.sandy.MyTest"/>
  <system-out/>
</testsuite> <!-- com.sandy.MyTest -->
